<?xml version="1.0" encoding="UTF-8"?>
<testsuite xmlns:xsi="http://www.w3.org/2001/XMLSchema-instance" xsi:noNamespaceSchemaLocation="https://maven.apache.org/surefire/maven-surefire-plugin/xsd/surefire-test-report.xsd" name="tn.esprit.spring.services.EntrepriseTest" time="0.254" tests="4" errors="0" skipped="0" failures="0">
  <properties>
[...]
</properties>
  <testcase name="testdeleteEntrepriseById" classname="tn.esprit.spring.services.EntrepriseTest" time="0.06"/>
  <testcase name="testgetEntrepriseById" classname="tn.esprit.spring.services.EntrepriseTest" time="0.034"/>
  <testcase name="testAjouterEntreprise" classname="tn.esprit.spring.services.EntrepriseTest" time="0.031"/>
  <testcase name="testaffecterDepartementAEntreprise" classname="tn.esprit.spring.services.EntrepriseTest" time="0.085"/>
</testsuite>